15:30:36 **** Build of configuration HardwareDebug for project asdas ****
make -j4 all 
'Building file: ../src/smc_gen/r_pincfg/Pin.c'
'Building file: ../src/smc_gen/r_bsp/mcu/rx65n/mcu_clocks.c'
'Invoking Compiler'
rx-elf-gcc @"src/smc_gen/r_pincfg/Pin.o.in"
'Building file: ../src/smc_gen/r_bsp/mcu/rx65n/mcu_init.c'
'Invoking Compiler'
'Building file: ../src/smc_gen/r_bsp/mcu/rx65n/mcu_interrupts.c'
rx-elf-gcc @"src/smc_gen/r_bsp/mcu/rx65n/mcu_clocks.o.in"
'Invoking Compiler'
'Invoking Compiler'
rx-elf-gcc @"src/smc_gen/r_bsp/mcu/rx65n/mcu_init.o.in"
rx-elf-gcc @"src/smc_gen/r_bsp/mcu/rx65n/mcu_interrupts.o.in"
'Finished building: ../src/smc_gen/r_pincfg/Pin.c'
' '
'Building file: ../src/smc_gen/r_bsp/mcu/rx65n/mcu_mapped_interrupts.c'
'Invoking Compiler'
rx-elf-gcc @"src/smc_gen/r_bsp/mcu/rx65n/mcu_mapped_interrupts.o.in"
'Finished building: ../src/smc_gen/r_bsp/mcu/rx65n/mcu_clocks.c'
' '
'Building file: ../src/smc_gen/r_bsp/mcu/rx65n/vecttbl.c'
'Finished building: ../src/smc_gen/r_bsp/mcu/rx65n/mcu_init.c'
'Invoking Compiler'
rx-elf-gcc @"src/smc_gen/r_bsp/mcu/rx65n/vecttbl.o.in"
' '
'Building file: ../src/smc_gen/r_bsp/mcu/all/dbsct.c'
'Finished building: ../src/smc_gen/r_bsp/mcu/rx65n/mcu_interrupts.c'
'Invoking Compiler'
rx-elf-gcc @"src/smc_gen/r_bsp/mcu/all/dbsct.o.in"
' '
'Building file: ../src/smc_gen/r_bsp/mcu/all/lowlvl.c'
'Invoking Compiler'
rx-elf-gcc @"src/smc_gen/r_bsp/mcu/all/lowlvl.o.in"
'Finished building: ../src/smc_gen/r_bsp/mcu/all/dbsct.c'
' '
'Building file: ../src/smc_gen/r_bsp/mcu/all/lowsrc.c'
'Invoking Compiler'
rx-elf-gcc @"src/smc_gen/r_bsp/mcu/all/lowsrc.o.in"
'Finished building: ../src/smc_gen/r_bsp/mcu/rx65n/vecttbl.c'
'Finished building: ../src/smc_gen/r_bsp/mcu/rx65n/mcu_mapped_interrupts.c'
' '
' '
'Building file: ../src/smc_gen/r_bsp/mcu/all/mcu_locks.c'
'Building file: ../src/smc_gen/r_bsp/mcu/all/r_bsp_common.c'
'Invoking Compiler'
rx-elf-gcc @"src/smc_gen/r_bsp/mcu/all/mcu_locks.o.in"
'Finished building: ../src/smc_gen/r_bsp/mcu/all/lowsrc.c'
'Invoking Compiler'
rx-elf-gcc @"src/smc_gen/r_bsp/mcu/all/r_bsp_common.o.in"
' '
'Finished building: ../src/smc_gen/r_bsp/mcu/all/lowlvl.c'
'Building file: ../src/smc_gen/r_bsp/mcu/all/r_bsp_cpu.c'
' '
'Invoking Compiler'
'Building file: ../src/smc_gen/r_bsp/mcu/all/r_bsp_interrupts.c'
rx-elf-gcc @"src/smc_gen/r_bsp/mcu/all/r_bsp_cpu.o.in"
'Invoking Compiler'
rx-elf-gcc @"src/smc_gen/r_bsp/mcu/all/r_bsp_interrupts.o.in"
../src/smc_gen/r_bsp/mcu/all/r_bsp_common.c: In function 'delay_wait':
../src/smc_gen/r_bsp/mcu/all/r_bsp_common.c:114:1: warning: stack usage computation not supported for this target [enabled by default]
 } /* End of function delay_wait() */
 ^
'Finished building: ../src/smc_gen/r_bsp/mcu/all/mcu_locks.c'
'Finished building: ../src/smc_gen/r_bsp/mcu/all/r_bsp_common.c'
' '
' '
'Building file: ../src/smc_gen/r_bsp/mcu/all/r_bsp_locking.c'
'Building file: ../src/smc_gen/r_bsp/mcu/all/r_bsp_mcu_startup.c'
'Invoking Compiler'
rx-elf-gcc @"src/smc_gen/r_bsp/mcu/all/r_bsp_locking.o.in"
'Invoking Compiler'
rx-elf-gcc @"src/smc_gen/r_bsp/mcu/all/r_bsp_mcu_startup.o.in"
'Finished building: ../src/smc_gen/r_bsp/mcu/all/r_bsp_cpu.c'
' '
'Finished building: ../src/smc_gen/r_bsp/mcu/all/r_bsp_locking.c'
'Building file: ../src/smc_gen/r_bsp/mcu/all/r_rx_intrinsic_functions.c'
'Finished building: ../src/smc_gen/r_bsp/mcu/all/r_bsp_mcu_startup.c'
' '
'Invoking Compiler'
' '
rx-elf-gcc @"src/smc_gen/r_bsp/mcu/all/r_rx_intrinsic_functions.o.in"
'Building file: ../src/smc_gen/r_bsp/mcu/all/reset_program.S'
'Building file: ../src/smc_gen/r_bsp/mcu/all/resetprg.c'
'Finished building: ../src/smc_gen/r_bsp/mcu/all/r_bsp_interrupts.c'
'Invoking Assembler'
'Invoking Compiler'
rx-elf-gcc @"src/smc_gen/r_bsp/mcu/all/reset_program.o.in"
rx-elf-gcc @"src/smc_gen/r_bsp/mcu/all/resetprg.o.in"
' '
'Building file: ../src/smc_gen/r_bsp/mcu/all/sbrk.c'
'Finished building: ../src/smc_gen/r_bsp/mcu/all/reset_program.S'
'Invoking Compiler'
rx-elf-gcc @"src/smc_gen/r_bsp/mcu/all/sbrk.o.in"
' '
../src/smc_gen/r_bsp/mcu/all/r_rx_intrinsic_functions.c: In function 'R_BSP_ChangeToUserMode':
../src/smc_gen/r_bsp/mcu/all/r_rx_intrinsic_functions.c:289:1: warning: stack usage computation not supported for this target [enabled by default]
 } /* End of function R_BSP_ChangeToUserMode() */
 ^
'Building file: ../src/smc_gen/r_bsp/board/generic_rx65n/hwsetup.c'
'Invoking Compiler'
rx-elf-gcc @"src/smc_gen/r_bsp/board/generic_rx65n/hwsetup.o.in"
'Finished building: ../src/smc_gen/r_bsp/mcu/all/sbrk.c'
' '
'Building file: ../src/smc_gen/general/r_cg_hardware_setup.c'
'Finished building: ../src/smc_gen/r_bsp/mcu/all/resetprg.c'
'Invoking Compiler'
rx-elf-gcc @"src/smc_gen/general/r_cg_hardware_setup.o.in"
'Finished building: ../src/smc_gen/r_bsp/mcu/all/r_rx_intrinsic_functions.c'
' '
' '
'Building file: ../src/smc_gen/general/r_smc_cgc.c'
'Building file: ../src/smc_gen/general/r_smc_cgc_user.c'
'Invoking Compiler'
rx-elf-gcc @"src/smc_gen/general/r_smc_cgc.o.in"
'Invoking Compiler'
rx-elf-gcc @"src/smc_gen/general/r_smc_cgc_user.o.in"
'Finished building: ../src/smc_gen/general/r_smc_cgc.c'
'Finished building: ../src/smc_gen/r_bsp/board/generic_rx65n/hwsetup.c'
'Finished building: ../src/smc_gen/general/r_smc_cgc_user.c'
' '
' '
' '
'Building file: ../src/smc_gen/general/r_smc_interrupt.c'
'Building file: ../src/asdas.c'
'Finished building: ../src/smc_gen/general/r_cg_hardware_setup.c'
'Invoking Compiler'
'Invoking Compiler'
rx-elf-gcc @"src/smc_gen/general/r_smc_interrupt.o.in"
rx-elf-gcc @"src/asdas.o.in"
' '
'Finished building: ../src/smc_gen/general/r_smc_interrupt.c'
'Finished building: ../src/asdas.c'
' '
' '
'Building target: asdas.elf'
'Invoking Linker'
'rx-elf-gcc -O0 -ffunction-sections -fdata-sections -g2 -Wstack-usage=100 -mcpu=rx64m -misa=v2 -mlittle-endian-data -o "asdas.elf"  ./src/smc_gen/r_pincfg/Pin.o  ./src/smc_gen/r_bsp/mcu/rx65n/mcu_clocks.o ./src/smc_gen/r_bsp/mcu/rx65n/mcu_init.o ./src/smc_gen/r_bsp/mcu/rx65n/mcu_interrupts.o ./src/smc_gen/r_bsp/mcu/rx65n/mcu_mapped_interrupts.o ./src/smc_gen/r_bsp/mcu/rx65n/vecttbl.o  ./src/smc_gen/r_bsp/mcu/all/dbsct.o ./src/smc_gen/r_bsp/mcu/all/lowlvl.o ./src/smc_gen/r_bsp/mcu/all/lowsrc.o ./src/smc_gen/r_bsp/mcu/all/mcu_locks.o ./src/smc_gen/r_bsp/mcu/all/r_bsp_common.o ./src/smc_gen/r_bsp/mcu/all/r_bsp_cpu.o ./src/smc_gen/r_bsp/mcu/all/r_bsp_interrupts.o ./src/smc_gen/r_bsp/mcu/all/r_bsp_locking.o ./src/smc_gen/r_bsp/mcu/all/r_bsp_mcu_startup.o ./src/smc_gen/r_bsp/mcu/all/r_rx_intrinsic_functions.o ./src/smc_gen/r_bsp/mcu/all/reset_program.o ./src/smc_gen/r_bsp/mcu/all/resetprg.o ./src/smc_gen/r_bsp/mcu/all/sbrk.o  ./src/smc_gen/r_bsp/board/generic_rx65n/hwsetup.o  ./src/smc_gen/general/r_cg_hardware_setup.o ./src/smc_gen/general/r_smc_cgc.o ./src/smc_gen/general/r_smc_cgc_user.o ./src/smc_gen/general/r_smc_interrupt.o  ./src/asdas.o    -T "C:/amazon-freertos-v0.1.9/demos/renesas/rx65n-gr-rose/gcc/asdas/src/linker_script.ld" -Wl,-M=asdas.map -Wl,--start-group -lm -lc -lgcc -Wl,--end-group -nostartfiles -Wl,-e_PowerON_Reset'
rx-elf-gcc @"asdas.elf.in"
'Finished building target: asdas.elf'
' '
'Invoking Object Copy'
rx-elf-objcopy "asdas.elf" -O srec -I elf32-rx-be-ns  "asdas.mot"
'Finished building: asdas.mot'
' '

15:30:45 Build Finished. 0 errors, 2 warnings. (took 9s.482ms)

